{"level":"error","message":"Could not get the genres.Could not get the genres.","stack":"Error: Could not get the genres.\n    at C:\\Users\\jack_\\node-sandbox\\vidly\\routes\\genres.js:8:11\n    at newFn (C:\\Users\\jack_\\node-sandbox\\vidly\\node_modules\\express-async-errors\\index.js:16:20)\n    at Layer.handle [as handle_request] (C:\\Users\\jack_\\node-sandbox\\vidly\\node_modules\\express\\lib\\router\\layer.js:95:5)\n    at next (C:\\Users\\jack_\\node-sandbox\\vidly\\node_modules\\express\\lib\\router\\route.js:137:13)\n    at Route.dispatch (C:\\Users\\jack_\\node-sandbox\\vidly\\node_modules\\express\\lib\\router\\route.js:112:3)\n    at newFn (C:\\Users\\jack_\\node-sandbox\\vidly\\node_modules\\express-async-errors\\index.js:16:20)\n    at Layer.handle [as handle_request] (C:\\Users\\jack_\\node-sandbox\\vidly\\node_modules\\express\\lib\\router\\layer.js:95:5)\n    at C:\\Users\\jack_\\node-sandbox\\vidly\\node_modules\\express\\lib\\router\\index.js:281:22\n    at Function.process_params (C:\\Users\\jack_\\node-sandbox\\vidly\\node_modules\\express\\lib\\router\\index.js:335:12)\n    at next (C:\\Users\\jack_\\node-sandbox\\vidly\\node_modules\\express\\lib\\router\\index.js:275:10)\n    at Function.handle (C:\\Users\\jack_\\node-sandbox\\vidly\\node_modules\\express\\lib\\router\\index.js:174:3)\n    at router (C:\\Users\\jack_\\node-sandbox\\vidly\\node_modules\\express\\lib\\router\\index.js:47:12)\n    at newFn (C:\\Users\\jack_\\node-sandbox\\vidly\\node_modules\\express-async-errors\\index.js:16:20)\n    at Layer.handle [as handle_request] (C:\\Users\\jack_\\node-sandbox\\vidly\\node_modules\\express\\lib\\router\\layer.js:95:5)\n    at trim_prefix (C:\\Users\\jack_\\node-sandbox\\vidly\\node_modules\\express\\lib\\router\\index.js:317:13)\n    at C:\\Users\\jack_\\node-sandbox\\vidly\\node_modules\\express\\lib\\router\\index.js:284:7\n    at Function.process_params (C:\\Users\\jack_\\node-sandbox\\vidly\\node_modules\\express\\lib\\router\\index.js:335:12)\n    at next (C:\\Users\\jack_\\node-sandbox\\vidly\\node_modules\\express\\lib\\router\\index.js:275:10)\n    at jsonParser (C:\\Users\\jack_\\node-sandbox\\vidly\\node_modules\\body-parser\\lib\\types\\json.js:110:7)\n    at newFn (C:\\Users\\jack_\\node-sandbox\\vidly\\node_modules\\express-async-errors\\index.js:16:20)\n    at Layer.handle [as handle_request] (C:\\Users\\jack_\\node-sandbox\\vidly\\node_modules\\express\\lib\\router\\layer.js:95:5)\n    at trim_prefix (C:\\Users\\jack_\\node-sandbox\\vidly\\node_modules\\express\\lib\\router\\index.js:317:13)"}
{"level":"error","message":"Could not get the genres.Could not get the genres.","stack":"Error: Could not get the genres.\n    at C:\\Users\\jack_\\node-sandbox\\vidly\\routes\\genres.js:8:11\n    at newFn (C:\\Users\\jack_\\node-sandbox\\vidly\\node_modules\\express-async-errors\\index.js:16:20)\n    at Layer.handle [as handle_request] (C:\\Users\\jack_\\node-sandbox\\vidly\\node_modules\\express\\lib\\router\\layer.js:95:5)\n    at next (C:\\Users\\jack_\\node-sandbox\\vidly\\node_modules\\express\\lib\\router\\route.js:137:13)\n    at Route.dispatch (C:\\Users\\jack_\\node-sandbox\\vidly\\node_modules\\express\\lib\\router\\route.js:112:3)\n    at newFn (C:\\Users\\jack_\\node-sandbox\\vidly\\node_modules\\express-async-errors\\index.js:16:20)\n    at Layer.handle [as handle_request] (C:\\Users\\jack_\\node-sandbox\\vidly\\node_modules\\express\\lib\\router\\layer.js:95:5)\n    at C:\\Users\\jack_\\node-sandbox\\vidly\\node_modules\\express\\lib\\router\\index.js:281:22\n    at Function.process_params (C:\\Users\\jack_\\node-sandbox\\vidly\\node_modules\\express\\lib\\router\\index.js:335:12)\n    at next (C:\\Users\\jack_\\node-sandbox\\vidly\\node_modules\\express\\lib\\router\\index.js:275:10)\n    at Function.handle (C:\\Users\\jack_\\node-sandbox\\vidly\\node_modules\\express\\lib\\router\\index.js:174:3)\n    at router (C:\\Users\\jack_\\node-sandbox\\vidly\\node_modules\\express\\lib\\router\\index.js:47:12)\n    at newFn (C:\\Users\\jack_\\node-sandbox\\vidly\\node_modules\\express-async-errors\\index.js:16:20)\n    at Layer.handle [as handle_request] (C:\\Users\\jack_\\node-sandbox\\vidly\\node_modules\\express\\lib\\router\\layer.js:95:5)\n    at trim_prefix (C:\\Users\\jack_\\node-sandbox\\vidly\\node_modules\\express\\lib\\router\\index.js:317:13)\n    at C:\\Users\\jack_\\node-sandbox\\vidly\\node_modules\\express\\lib\\router\\index.js:284:7\n    at Function.process_params (C:\\Users\\jack_\\node-sandbox\\vidly\\node_modules\\express\\lib\\router\\index.js:335:12)\n    at next (C:\\Users\\jack_\\node-sandbox\\vidly\\node_modules\\express\\lib\\router\\index.js:275:10)\n    at jsonParser (C:\\Users\\jack_\\node-sandbox\\vidly\\node_modules\\body-parser\\lib\\types\\json.js:110:7)\n    at newFn (C:\\Users\\jack_\\node-sandbox\\vidly\\node_modules\\express-async-errors\\index.js:16:20)\n    at Layer.handle [as handle_request] (C:\\Users\\jack_\\node-sandbox\\vidly\\node_modules\\express\\lib\\router\\layer.js:95:5)\n    at trim_prefix (C:\\Users\\jack_\\node-sandbox\\vidly\\node_modules\\express\\lib\\router\\index.js:317:13)"}{"level":"error","message":"Could not get the genres.Could not get the genres.","stack":"Error: Could not get the genres.\n    at C:\\Users\\jack_\\node-sandbox\\vidly\\routes\\genres.js:8:11\n    at newFn (C:\\Users\\jack_\\node-sandbox\\vidly\\node_modules\\express-async-errors\\index.js:16:20)\n    at Layer.handle [as handle_request] (C:\\Users\\jack_\\node-sandbox\\vidly\\node_modules\\express\\lib\\router\\layer.js:95:5)\n    at next (C:\\Users\\jack_\\node-sandbox\\vidly\\node_modules\\express\\lib\\router\\route.js:137:13)\n    at Route.dispatch (C:\\Users\\jack_\\node-sandbox\\vidly\\node_modules\\express\\lib\\router\\route.js:112:3)\n    at newFn (C:\\Users\\jack_\\node-sandbox\\vidly\\node_modules\\express-async-errors\\index.js:16:20)\n    at Layer.handle [as handle_request] (C:\\Users\\jack_\\node-sandbox\\vidly\\node_modules\\express\\lib\\router\\layer.js:95:5)\n    at C:\\Users\\jack_\\node-sandbox\\vidly\\node_modules\\express\\lib\\router\\index.js:281:22\n    at Function.process_params (C:\\Users\\jack_\\node-sandbox\\vidly\\node_modules\\express\\lib\\router\\index.js:335:12)\n    at next (C:\\Users\\jack_\\node-sandbox\\vidly\\node_modules\\express\\lib\\router\\index.js:275:10)\n    at Function.handle (C:\\Users\\jack_\\node-sandbox\\vidly\\node_modules\\express\\lib\\router\\index.js:174:3)\n    at router (C:\\Users\\jack_\\node-sandbox\\vidly\\node_modules\\express\\lib\\router\\index.js:47:12)\n    at newFn (C:\\Users\\jack_\\node-sandbox\\vidly\\node_modules\\express-async-errors\\index.js:16:20)\n    at Layer.handle [as handle_request] (C:\\Users\\jack_\\node-sandbox\\vidly\\node_modules\\express\\lib\\router\\layer.js:95:5)\n    at trim_prefix (C:\\Users\\jack_\\node-sandbox\\vidly\\node_modules\\express\\lib\\router\\index.js:317:13)\n    at C:\\Users\\jack_\\node-sandbox\\vidly\\node_modules\\express\\lib\\router\\index.js:284:7\n    at Function.process_params (C:\\Users\\jack_\\node-sandbox\\vidly\\node_modules\\express\\lib\\router\\index.js:335:12)\n    at next (C:\\Users\\jack_\\node-sandbox\\vidly\\node_modules\\express\\lib\\router\\index.js:275:10)\n    at jsonParser (C:\\Users\\jack_\\node-sandbox\\vidly\\node_modules\\body-parser\\lib\\types\\json.js:110:7)\n    at newFn (C:\\Users\\jack_\\node-sandbox\\vidly\\node_modules\\express-async-errors\\index.js:16:20)\n    at Layer.handle [as handle_request] (C:\\Users\\jack_\\node-sandbox\\vidly\\node_modules\\express\\lib\\router\\layer.js:95:5)\n    at trim_prefix (C:\\Users\\jack_\\node-sandbox\\vidly\\node_modules\\express\\lib\\router\\index.js:317:13)"}
{"message":"Could not get the genres.","stack":"Error: Could not get the genres.\n    at C:\\Users\\jack_\\node-sandbox\\vidly\\routes\\genres.js:8:11\n    at newFn (C:\\Users\\jack_\\node-sandbox\\vidly\\node_modules\\express-async-errors\\index.js:16:20)\n    at Layer.handle [as handle_request] (C:\\Users\\jack_\\node-sandbox\\vidly\\node_modules\\express\\lib\\router\\layer.js:95:5)\n    at next (C:\\Users\\jack_\\node-sandbox\\vidly\\node_modules\\express\\lib\\router\\route.js:137:13)\n    at Route.dispatch (C:\\Users\\jack_\\node-sandbox\\vidly\\node_modules\\express\\lib\\router\\route.js:112:3)\n    at newFn (C:\\Users\\jack_\\node-sandbox\\vidly\\node_modules\\express-async-errors\\index.js:16:20)\n    at Layer.handle [as handle_request] (C:\\Users\\jack_\\node-sandbox\\vidly\\node_modules\\express\\lib\\router\\layer.js:95:5)\n    at C:\\Users\\jack_\\node-sandbox\\vidly\\node_modules\\express\\lib\\router\\index.js:281:22\n    at Function.process_params (C:\\Users\\jack_\\node-sandbox\\vidly\\node_modules\\express\\lib\\router\\index.js:335:12)\n    at next (C:\\Users\\jack_\\node-sandbox\\vidly\\node_modules\\express\\lib\\router\\index.js:275:10)\n    at Function.handle (C:\\Users\\jack_\\node-sandbox\\vidly\\node_modules\\express\\lib\\router\\index.js:174:3)\n    at router (C:\\Users\\jack_\\node-sandbox\\vidly\\node_modules\\express\\lib\\router\\index.js:47:12)\n    at newFn (C:\\Users\\jack_\\node-sandbox\\vidly\\node_modules\\express-async-errors\\index.js:16:20)\n    at Layer.handle [as handle_request] (C:\\Users\\jack_\\node-sandbox\\vidly\\node_modules\\express\\lib\\router\\layer.js:95:5)\n    at trim_prefix (C:\\Users\\jack_\\node-sandbox\\vidly\\node_modules\\express\\lib\\router\\index.js:317:13)\n    at C:\\Users\\jack_\\node-sandbox\\vidly\\node_modules\\express\\lib\\router\\index.js:284:7\n    at Function.process_params (C:\\Users\\jack_\\node-sandbox\\vidly\\node_modules\\express\\lib\\router\\index.js:335:12)\n    at next (C:\\Users\\jack_\\node-sandbox\\vidly\\node_modules\\express\\lib\\router\\index.js:275:10)\n    at jsonParser (C:\\Users\\jack_\\node-sandbox\\vidly\\node_modules\\body-parser\\lib\\types\\json.js:110:7)\n    at newFn (C:\\Users\\jack_\\node-sandbox\\vidly\\node_modules\\express-async-errors\\index.js:16:20)\n    at Layer.handle [as handle_request] (C:\\Users\\jack_\\node-sandbox\\vidly\\node_modules\\express\\lib\\router\\layer.js:95:5)\n    at trim_prefix (C:\\Users\\jack_\\node-sandbox\\vidly\\node_modules\\express\\lib\\router\\index.js:317:13)","level":"error","timestamp":"2020-05-17T08:35:00.577Z"}
{"message":"Could not get the genres.","stack":"Error: Could not get the genres.\n    at C:\\Users\\jack_\\node-sandbox\\vidly\\routes\\genres.js:8:11\n    at newFn (C:\\Users\\jack_\\node-sandbox\\vidly\\node_modules\\express-async-errors\\index.js:16:20)\n    at Layer.handle [as handle_request] (C:\\Users\\jack_\\node-sandbox\\vidly\\node_modules\\express\\lib\\router\\layer.js:95:5)\n    at next (C:\\Users\\jack_\\node-sandbox\\vidly\\node_modules\\express\\lib\\router\\route.js:137:13)\n    at Route.dispatch (C:\\Users\\jack_\\node-sandbox\\vidly\\node_modules\\express\\lib\\router\\route.js:112:3)\n    at newFn (C:\\Users\\jack_\\node-sandbox\\vidly\\node_modules\\express-async-errors\\index.js:16:20)\n    at Layer.handle [as handle_request] (C:\\Users\\jack_\\node-sandbox\\vidly\\node_modules\\express\\lib\\router\\layer.js:95:5)\n    at C:\\Users\\jack_\\node-sandbox\\vidly\\node_modules\\express\\lib\\router\\index.js:281:22\n    at Function.process_params (C:\\Users\\jack_\\node-sandbox\\vidly\\node_modules\\express\\lib\\router\\index.js:335:12)\n    at next (C:\\Users\\jack_\\node-sandbox\\vidly\\node_modules\\express\\lib\\router\\index.js:275:10)\n    at Function.handle (C:\\Users\\jack_\\node-sandbox\\vidly\\node_modules\\express\\lib\\router\\index.js:174:3)\n    at router (C:\\Users\\jack_\\node-sandbox\\vidly\\node_modules\\express\\lib\\router\\index.js:47:12)\n    at newFn (C:\\Users\\jack_\\node-sandbox\\vidly\\node_modules\\express-async-errors\\index.js:16:20)\n    at Layer.handle [as handle_request] (C:\\Users\\jack_\\node-sandbox\\vidly\\node_modules\\express\\lib\\router\\layer.js:95:5)\n    at trim_prefix (C:\\Users\\jack_\\node-sandbox\\vidly\\node_modules\\express\\lib\\router\\index.js:317:13)\n    at C:\\Users\\jack_\\node-sandbox\\vidly\\node_modules\\express\\lib\\router\\index.js:284:7\n    at Function.process_params (C:\\Users\\jack_\\node-sandbox\\vidly\\node_modules\\express\\lib\\router\\index.js:335:12)\n    at next (C:\\Users\\jack_\\node-sandbox\\vidly\\node_modules\\express\\lib\\router\\index.js:275:10)\n    at jsonParser (C:\\Users\\jack_\\node-sandbox\\vidly\\node_modules\\body-parser\\lib\\types\\json.js:110:7)\n    at newFn (C:\\Users\\jack_\\node-sandbox\\vidly\\node_modules\\express-async-errors\\index.js:16:20)\n    at Layer.handle [as handle_request] (C:\\Users\\jack_\\node-sandbox\\vidly\\node_modules\\express\\lib\\router\\layer.js:95:5)\n    at trim_prefix (C:\\Users\\jack_\\node-sandbox\\vidly\\node_modules\\express\\lib\\router\\index.js:317:13)","level":"error","timestamp":"2020-05-17T08:35:23.286Z"}
{"message":"Could not get the genres.","stack":"Error: Could not get the genres.\n    at C:\\Users\\jack_\\node-sandbox\\vidly\\routes\\genres.js:8:11\n    at newFn (C:\\Users\\jack_\\node-sandbox\\vidly\\node_modules\\express-async-errors\\index.js:16:20)\n    at Layer.handle [as handle_request] (C:\\Users\\jack_\\node-sandbox\\vidly\\node_modules\\express\\lib\\router\\layer.js:95:5)\n    at next (C:\\Users\\jack_\\node-sandbox\\vidly\\node_modules\\express\\lib\\router\\route.js:137:13)\n    at Route.dispatch (C:\\Users\\jack_\\node-sandbox\\vidly\\node_modules\\express\\lib\\router\\route.js:112:3)\n    at newFn (C:\\Users\\jack_\\node-sandbox\\vidly\\node_modules\\express-async-errors\\index.js:16:20)\n    at Layer.handle [as handle_request] (C:\\Users\\jack_\\node-sandbox\\vidly\\node_modules\\express\\lib\\router\\layer.js:95:5)\n    at C:\\Users\\jack_\\node-sandbox\\vidly\\node_modules\\express\\lib\\router\\index.js:281:22\n    at Function.process_params (C:\\Users\\jack_\\node-sandbox\\vidly\\node_modules\\express\\lib\\router\\index.js:335:12)\n    at next (C:\\Users\\jack_\\node-sandbox\\vidly\\node_modules\\express\\lib\\router\\index.js:275:10)\n    at Function.handle (C:\\Users\\jack_\\node-sandbox\\vidly\\node_modules\\express\\lib\\router\\index.js:174:3)\n    at router (C:\\Users\\jack_\\node-sandbox\\vidly\\node_modules\\express\\lib\\router\\index.js:47:12)\n    at newFn (C:\\Users\\jack_\\node-sandbox\\vidly\\node_modules\\express-async-errors\\index.js:16:20)\n    at Layer.handle [as handle_request] (C:\\Users\\jack_\\node-sandbox\\vidly\\node_modules\\express\\lib\\router\\layer.js:95:5)\n    at trim_prefix (C:\\Users\\jack_\\node-sandbox\\vidly\\node_modules\\express\\lib\\router\\index.js:317:13)\n    at C:\\Users\\jack_\\node-sandbox\\vidly\\node_modules\\express\\lib\\router\\index.js:284:7\n    at Function.process_params (C:\\Users\\jack_\\node-sandbox\\vidly\\node_modules\\express\\lib\\router\\index.js:335:12)\n    at next (C:\\Users\\jack_\\node-sandbox\\vidly\\node_modules\\express\\lib\\router\\index.js:275:10)\n    at jsonParser (C:\\Users\\jack_\\node-sandbox\\vidly\\node_modules\\body-parser\\lib\\types\\json.js:110:7)\n    at newFn (C:\\Users\\jack_\\node-sandbox\\vidly\\node_modules\\express-async-errors\\index.js:16:20)\n    at Layer.handle [as handle_request] (C:\\Users\\jack_\\node-sandbox\\vidly\\node_modules\\express\\lib\\router\\layer.js:95:5)\n    at trim_prefix (C:\\Users\\jack_\\node-sandbox\\vidly\\node_modules\\express\\lib\\router\\index.js:317:13)","level":"error","timestamp":"2020-05-17T08:35:24.737Z"}
{"message":"","stack":"Error\n    at Object.<anonymous> (C:\\Users\\jack_\\node-sandbox\\vidly\\index.js:29:7)\n    at Module._compile (internal/modules/cjs/loader.js:1158:30)\n    at Object.Module._extensions..js (internal/modules/cjs/loader.js:1178:10)\n    at Module.load (internal/modules/cjs/loader.js:1002:32)\n    at Function.Module._load (internal/modules/cjs/loader.js:901:14)\n    at Function.executeUserEntryPoint [as runMain] (internal/modules/run_main.js:74:12)\n    at internal/main/run_main_module.js:18:47","level":"error","timestamp":"2020-05-17T08:53:54.640Z"}
{"message":"Something failed during startup","stack":"Error: Something failed during startup\n    at Object.<anonymous> (C:\\Users\\jack_\\node-sandbox\\vidly\\index.js:29:7)\n    at Module._compile (internal/modules/cjs/loader.js:1158:30)\n    at Object.Module._extensions..js (internal/modules/cjs/loader.js:1178:10)\n    at Module.load (internal/modules/cjs/loader.js:1002:32)\n    at Function.Module._load (internal/modules/cjs/loader.js:901:14)\n    at Function.executeUserEntryPoint [as runMain] (internal/modules/run_main.js:74:12)\n    at internal/main/run_main_module.js:18:47","level":"error","timestamp":"2020-05-17T08:55:06.224Z"}
{"message":"Something failed during startup","stack":"Error: Something failed during startup\n    at Object.<anonymous> (C:\\Users\\jack_\\node-sandbox\\vidly\\index.js:29:7)\n    at Module._compile (internal/modules/cjs/loader.js:1158:30)\n    at Object.Module._extensions..js (internal/modules/cjs/loader.js:1178:10)\n    at Module.load (internal/modules/cjs/loader.js:1002:32)\n    at Function.Module._load (internal/modules/cjs/loader.js:901:14)\n    at Function.executeUserEntryPoint [as runMain] (internal/modules/run_main.js:74:12)\n    at internal/main/run_main_module.js:18:47","level":"error","timestamp":"2020-05-17T08:59:33.746Z"}
{"message":"Something failed during startup","stack":"Error: Something failed during startup\n    at Object.<anonymous> (C:\\Users\\jack_\\node-sandbox\\vidly\\index.js:29:7)\n    at Module._compile (internal/modules/cjs/loader.js:1158:30)\n    at Object.Module._extensions..js (internal/modules/cjs/loader.js:1178:10)\n    at Module.load (internal/modules/cjs/loader.js:1002:32)\n    at Function.Module._load (internal/modules/cjs/loader.js:901:14)\n    at Function.executeUserEntryPoint [as runMain] (internal/modules/run_main.js:74:12)\n    at internal/main/run_main_module.js:18:47","level":"error","timestamp":"2020-05-17T08:59:40.562Z"}
{"message":"Something failed during startup","stack":"Error: Something failed during startup\n    at Object.<anonymous> (C:\\Users\\jack_\\node-sandbox\\vidly\\index.js:29:7)\n    at Module._compile (internal/modules/cjs/loader.js:1158:30)\n    at Object.Module._extensions..js (internal/modules/cjs/loader.js:1178:10)\n    at Module.load (internal/modules/cjs/loader.js:1002:32)\n    at Function.Module._load (internal/modules/cjs/loader.js:901:14)\n    at Function.executeUserEntryPoint [as runMain] (internal/modules/run_main.js:74:12)\n    at internal/main/run_main_module.js:18:47","level":"error","timestamp":"2020-05-17T08:59:48.679Z"}
{"message":"Something failed during startup","stack":"Error: Something failed during startup\n    at Object.<anonymous> (C:\\Users\\jack_\\node-sandbox\\vidly\\index.js:29:7)\n    at Module._compile (internal/modules/cjs/loader.js:1158:30)\n    at Object.Module._extensions..js (internal/modules/cjs/loader.js:1178:10)\n    at Module.load (internal/modules/cjs/loader.js:1002:32)\n    at Function.Module._load (internal/modules/cjs/loader.js:901:14)\n    at Function.executeUserEntryPoint [as runMain] (internal/modules/run_main.js:74:12)\n    at internal/main/run_main_module.js:18:47","level":"error","timestamp":"2020-05-17T08:59:50.256Z"}
{"message":"something failed miserably!","stack":"Error: something failed miserably!\n    at Object.<anonymous> (C:\\Users\\jack_\\node-sandbox\\vidly\\index.js:34:26)\n    at Module._compile (internal/modules/cjs/loader.js:1158:30)\n    at Object.Module._extensions..js (internal/modules/cjs/loader.js:1178:10)\n    at Module.load (internal/modules/cjs/loader.js:1002:32)\n    at Function.Module._load (internal/modules/cjs/loader.js:901:14)\n    at Function.executeUserEntryPoint [as runMain] (internal/modules/run_main.js:74:12)\n    at internal/main/run_main_module.js:18:47","level":"error","timestamp":"2020-05-17T09:02:30.347Z"}
{"message":"something failed miserably!","stack":"Error: something failed miserably!\n    at Object.<anonymous> (C:\\Users\\jack_\\node-sandbox\\vidly\\index.js:33:26)\n    at Module._compile (internal/modules/cjs/loader.js:1158:30)\n    at Object.Module._extensions..js (internal/modules/cjs/loader.js:1178:10)\n    at Module.load (internal/modules/cjs/loader.js:1002:32)\n    at Function.Module._load (internal/modules/cjs/loader.js:901:14)\n    at Function.executeUserEntryPoint [as runMain] (internal/modules/run_main.js:74:12)\n    at internal/main/run_main_module.js:18:47","level":"error","timestamp":"2020-05-17T09:04:03.266Z"}
{"message":"something failed miserably!","stack":"Error: something failed miserably!\n    at Object.<anonymous> (C:\\Users\\jack_\\node-sandbox\\vidly\\index.js:34:26)\n    at Module._compile (internal/modules/cjs/loader.js:1158:30)\n    at Object.Module._extensions..js (internal/modules/cjs/loader.js:1178:10)\n    at Module.load (internal/modules/cjs/loader.js:1002:32)\n    at Function.Module._load (internal/modules/cjs/loader.js:901:14)\n    at Function.executeUserEntryPoint [as runMain] (internal/modules/run_main.js:74:12)\n    at internal/main/run_main_module.js:18:47","level":"error","timestamp":"2020-05-17T09:04:09.573Z"}
{"message":"something failed miserably!","stack":"Error: something failed miserably!\n    at Object.<anonymous> (C:\\Users\\jack_\\node-sandbox\\vidly\\index.js:33:26)\n    at Module._compile (internal/modules/cjs/loader.js:1158:30)\n    at Object.Module._extensions..js (internal/modules/cjs/loader.js:1178:10)\n    at Module.load (internal/modules/cjs/loader.js:1002:32)\n    at Function.Module._load (internal/modules/cjs/loader.js:901:14)\n    at Function.executeUserEntryPoint [as runMain] (internal/modules/run_main.js:74:12)\n    at internal/main/run_main_module.js:18:47","level":"error","timestamp":"2020-05-17T09:04:13.346Z"}
{"level":"info","message":"Connected to MongoDB...","timestamp":"2020-05-17T09:43:55.377Z"}
{"level":"info","message":"Connected to MongoDB...","timestamp":"2020-05-17T09:44:01.823Z"}
{"level":"info","message":"Connected to MongoDB...","timestamp":"2020-05-17T09:44:03.041Z"}
{"level":"info","message":"Connected to MongoDB...","timestamp":"2020-05-17T09:44:13.976Z"}
{"level":"info","message":"Listening on port 2000","timestamp":"2020-05-17T09:56:40.057Z"}
{"level":"info","message":"Connected to MongoDB...","timestamp":"2020-05-17T09:56:53.666Z"}
{"level":"info","message":"Listening on port 2000","timestamp":"2020-05-17T09:57:02.533Z"}
{"level":"info","message":"Connected to MongoDB...","timestamp":"2020-05-17T09:57:02.572Z"}
{"level":"info","message":"Listening on port 2000","timestamp":"2020-05-17T09:58:09.508Z"}
{"level":"info","message":"Connected to MongoDB...","timestamp":"2020-05-17T09:58:09.567Z"}
{"level":"info","message":"Listening on port 2000","timestamp":"2020-05-17T09:58:34.678Z"}
{"level":"info","message":"Connected to MongoDB...","timestamp":"2020-05-17T09:58:34.716Z"}
{"level":"info","message":"Listening on port 2000","timestamp":"2020-05-17T09:58:35.808Z"}
{"level":"info","message":"Connected to MongoDB...","timestamp":"2020-05-17T09:58:35.840Z"}
{"level":"info","message":"Listening on port 2000","timestamp":"2020-05-17T09:59:06.906Z"}
{"level":"info","message":"Connected to MongoDB...","timestamp":"2020-05-17T09:59:06.945Z"}
{"level":"info","message":"Listening on port 2000","timestamp":"2020-05-17T09:59:13.359Z"}
{"level":"info","message":"Connected to MongoDB...","timestamp":"2020-05-17T09:59:13.397Z"}
{"level":"info","message":"Listening on port 2000","timestamp":"2020-05-22T06:59:58.866Z"}
{"level":"info","message":"Connected to mongodb://localhost/vidly","timestamp":"2020-05-22T06:59:58.891Z"}
{"level":"info","message":"Listening on port 2000","timestamp":"2020-05-22T07:09:49.535Z"}
{"level":"info","message":"Connected to mongodb://localhost/vidly","timestamp":"2020-05-22T07:09:49.559Z"}
{"level":"info","message":"Listening on port 2000","timestamp":"2020-05-22T07:10:29.105Z"}
{"level":"info","message":"Connected to mongodb://localhost/vidly_tests","timestamp":"2020-05-22T07:10:29.128Z"}
{"level":"info","message":"Listening on port 2000","timestamp":"2020-05-22T07:40:48.627Z"}
{"level":"info","message":"Connected to mongodb://localhost/vidly_tests","timestamp":"2020-05-22T07:40:48.655Z"}
{"level":"info","message":"Listening on port 2000","timestamp":"2020-05-22T07:40:53.184Z"}
{"level":"info","message":"Connected to mongodb://localhost/vidly_tests","timestamp":"2020-05-22T07:40:53.214Z"}
{"level":"info","message":"Listening on port 2000","timestamp":"2020-05-22T07:49:33.569Z"}
{"level":"info","message":"Connected to mongodb://localhost/vidly_tests","timestamp":"2020-05-22T07:49:33.589Z"}
{"level":"info","message":"Listening on port 2000","timestamp":"2020-05-22T07:49:58.567Z"}
{"level":"info","message":"Connected to mongodb://localhost/vidly_tests","timestamp":"2020-05-22T07:49:58.589Z"}
{"level":"info","message":"Listening on port 2000","timestamp":"2020-05-22T07:50:25.121Z"}
{"level":"info","message":"Connected to mongodb://localhost/vidly_tests","timestamp":"2020-05-22T07:50:25.144Z"}
{"level":"info","message":"Listening on port 2000","timestamp":"2020-05-22T07:52:18.973Z"}
{"level":"info","message":"Connected to mongodb://localhost/vidly_tests","timestamp":"2020-05-22T07:52:18.999Z"}
{"level":"info","message":"Listening on port 2000","timestamp":"2020-05-22T07:52:29.112Z"}
{"level":"info","message":"Connected to mongodb://localhost/vidly_tests","timestamp":"2020-05-22T07:52:29.149Z"}
{"level":"info","message":"Listening on port 2000","timestamp":"2020-05-22T07:52:51.518Z"}
{"level":"info","message":"Connected to mongodb://localhost/vidly_tests","timestamp":"2020-05-22T07:52:51.543Z"}
{"level":"info","message":"Listening on port 2000","timestamp":"2020-05-22T07:53:31.114Z"}
{"level":"info","message":"Connected to mongodb://localhost/vidly_tests","timestamp":"2020-05-22T07:53:31.150Z"}
{"level":"info","message":"Listening on port 2000","timestamp":"2020-05-22T07:53:47.247Z"}
{"level":"info","message":"Connected to mongodb://localhost/vidly_tests","timestamp":"2020-05-22T07:53:47.269Z"}
{"level":"info","message":"Listening on port 2000","timestamp":"2020-05-22T07:55:24.490Z"}
{"level":"info","message":"Connected to mongodb://localhost/vidly_tests","timestamp":"2020-05-22T07:55:24.523Z"}
{"level":"info","message":"Listening on port 2000","timestamp":"2020-05-22T07:57:03.799Z"}
{"level":"info","message":"Connected to mongodb://localhost/vidly_tests","timestamp":"2020-05-22T07:57:03.823Z"}
{"level":"info","message":"Listening on port 2000","timestamp":"2020-05-22T08:10:02.399Z"}
{"level":"info","message":"Connected to mongodb://localhost/vidly_tests","timestamp":"2020-05-22T08:10:02.417Z"}
{"level":"info","message":"Listening on port 2000","timestamp":"2020-05-22T08:10:32.954Z"}
{"level":"info","message":"Connected to mongodb://localhost/vidly_tests","timestamp":"2020-05-22T08:10:32.975Z"}
{"level":"info","message":"Listening on port 2000","timestamp":"2020-05-22T08:10:56.784Z"}
{"level":"info","message":"Connected to mongodb://localhost/vidly_tests","timestamp":"2020-05-22T08:10:56.814Z"}
{"level":"info","message":"Listening on port 2000","timestamp":"2020-05-22T08:11:06.326Z"}
{"level":"info","message":"Connected to mongodb://localhost/vidly_tests","timestamp":"2020-05-22T08:11:06.348Z"}
{"level":"info","message":"Listening on port 2000","timestamp":"2020-05-22T08:12:08.621Z"}
{"level":"info","message":"Connected to mongodb://localhost/vidly_tests","timestamp":"2020-05-22T08:12:08.644Z"}
{"level":"info","message":"Listening on port 2000","timestamp":"2020-05-22T08:12:25.462Z"}
{"level":"info","message":"Connected to mongodb://localhost/vidly_tests","timestamp":"2020-05-22T08:12:25.487Z"}
{"level":"info","message":"Listening on port 2000","timestamp":"2020-05-22T08:17:13.174Z"}
{"level":"info","message":"Connected to mongodb://localhost/vidly_tests","timestamp":"2020-05-22T08:17:13.197Z"}
{"level":"info","message":"Listening on port 2000","timestamp":"2020-05-22T08:17:18.559Z"}
{"level":"info","message":"Connected to mongodb://localhost/vidly_tests","timestamp":"2020-05-22T08:17:18.581Z"}
{"level":"info","message":"Listening on port 2000","timestamp":"2020-05-22T08:27:54.505Z"}
{"level":"info","message":"Connected to mongodb://localhost/vidly_tests","timestamp":"2020-05-22T08:27:54.544Z"}
{"level":"info","message":"Listening on port 2000","timestamp":"2020-05-22T08:28:43.474Z"}
{"level":"info","message":"Connected to mongodb://localhost/vidly_tests","timestamp":"2020-05-22T08:28:43.501Z"}
{"level":"info","message":"Listening on port 2000","timestamp":"2020-05-22T08:33:55.522Z"}
{"level":"info","message":"Connected to mongodb://localhost/vidly_tests","timestamp":"2020-05-22T08:33:55.544Z"}
{"level":"info","message":"Listening on port 2000","timestamp":"2020-05-22T08:34:00.658Z"}
{"level":"info","message":"Connected to mongodb://localhost/vidly_tests","timestamp":"2020-05-22T08:34:00.681Z"}
{"level":"info","message":"Listening on port 2000","timestamp":"2020-05-22T08:35:53.244Z"}
{"level":"info","message":"Connected to mongodb://localhost/vidly_tests","timestamp":"2020-05-22T08:35:53.266Z"}
{"level":"info","message":"Listening on port 2000","timestamp":"2020-05-22T08:38:24.824Z"}
{"level":"info","message":"Connected to mongodb://localhost/vidly_tests","timestamp":"2020-05-22T08:38:24.846Z"}
{"message":"Genre validation failed: name: Path `name` (`1234`) is shorter than the minimum allowed length (5).","errors":{"name":{"message":"Path `name` (`1234`) is shorter than the minimum allowed length (5).","name":"ValidatorError","properties":{"message":"Path `name` (`1234`) is shorter than the minimum allowed length (5).","type":"minlength","minlength":5,"path":"name","value":"1234"},"kind":"minlength","path":"name","value":"1234"}},"_message":"Genre validation failed","stack":"ValidationError: Genre validation failed: name: Path `name` (`1234`) is shorter than the minimum allowed length (5).\n    at new ValidationError (C:\\Users\\jack_\\node-sandbox\\vidly\\node_modules\\mongoose\\lib\\error\\validation.js:31:11)\n    at model.Document.invalidate (C:\\Users\\jack_\\node-sandbox\\vidly\\node_modules\\mongoose\\lib\\document.js:2563:32)\n    at C:\\Users\\jack_\\node-sandbox\\vidly\\node_modules\\mongoose\\lib\\document.js:2385:17\n    at C:\\Users\\jack_\\node-sandbox\\vidly\\node_modules\\mongoose\\lib\\schematype.js:1181:9\n    at processTicksAndRejections (internal/process/task_queues.js:79:11)","name":"ValidationError","level":"error","timestamp":"2020-05-22T08:38:24.971Z"}
{"level":"info","message":"Listening on port 2000","timestamp":"2020-05-22T08:40:13.549Z"}
{"level":"info","message":"Connected to mongodb://localhost/vidly_tests","timestamp":"2020-05-22T08:40:13.573Z"}
{"level":"info","message":"Listening on port 2000","timestamp":"2020-05-22T08:40:51.685Z"}
{"level":"info","message":"Connected to mongodb://localhost/vidly_tests","timestamp":"2020-05-22T08:40:51.715Z"}
{"level":"info","message":"Listening on port 2000","timestamp":"2020-05-22T08:40:59.101Z"}
{"level":"info","message":"Connected to mongodb://localhost/vidly_tests","timestamp":"2020-05-22T08:40:59.126Z"}
{"level":"info","message":"Listening on port 2000","timestamp":"2020-05-22T08:43:39.621Z"}
{"level":"info","message":"Connected to mongodb://localhost/vidly_tests","timestamp":"2020-05-22T08:43:39.646Z"}
{"level":"info","message":"Listening on port 2000","timestamp":"2020-05-22T08:43:44.795Z"}
{"level":"info","message":"Connected to mongodb://localhost/vidly_tests","timestamp":"2020-05-22T08:43:44.817Z"}
{"level":"info","message":"Listening on port 2000","timestamp":"2020-05-22T08:56:42.402Z"}
{"level":"info","message":"Connected to mongodb://localhost/vidly_tests","timestamp":"2020-05-22T08:56:42.452Z"}
{"level":"info","message":"Listening on port 2000","timestamp":"2020-05-22T08:56:55.411Z"}
{"level":"info","message":"Connected to mongodb://localhost/vidly_tests","timestamp":"2020-05-22T08:56:55.447Z"}
{"level":"info","message":"Listening on port 2000","timestamp":"2020-05-22T08:58:37.436Z"}
{"level":"info","message":"Connected to mongodb://localhost/vidly_tests","timestamp":"2020-05-22T08:58:37.458Z"}
{"level":"info","message":"Listening on port 2000","timestamp":"2020-05-22T08:59:01.791Z"}
{"level":"info","message":"Connected to mongodb://localhost/vidly_tests","timestamp":"2020-05-22T08:59:01.814Z"}
{"level":"info","message":"Listening on port 2000","timestamp":"2020-05-22T09:00:20.974Z"}
{"level":"info","message":"Connected to mongodb://localhost/vidly_tests","timestamp":"2020-05-22T09:00:20.997Z"}
{"level":"info","message":"Listening on port 2000","timestamp":"2020-05-22T09:00:37.427Z"}
{"level":"info","message":"Connected to mongodb://localhost/vidly_tests","timestamp":"2020-05-22T09:00:37.450Z"}
{"level":"info","message":"Listening on port 2000","timestamp":"2020-05-22T09:03:30.697Z"}
{"level":"info","message":"Connected to mongodb://localhost/vidly_tests","timestamp":"2020-05-22T09:03:30.719Z"}
{"level":"info","message":"Listening on port 2000","timestamp":"2020-05-22T09:03:52.727Z"}
{"level":"info","message":"Connected to mongodb://localhost/vidly_tests","timestamp":"2020-05-22T09:03:52.746Z"}
{"level":"info","message":"Listening on port 2000","timestamp":"2020-05-22T09:12:34.587Z"}
{"level":"info","message":"Connected to mongodb://localhost/vidly_tests","timestamp":"2020-05-22T09:12:34.611Z"}
{"level":"info","message":"Listening on port 2000","timestamp":"2020-05-22T09:12:51.506Z"}
{"level":"info","message":"Connected to mongodb://localhost/vidly_tests","timestamp":"2020-05-22T09:12:51.528Z"}
{"level":"info","message":"Listening on port 2000","timestamp":"2020-05-22T09:13:17.014Z"}
{"level":"info","message":"Connected to mongodb://localhost/vidly_tests","timestamp":"2020-05-22T09:13:17.036Z"}
{"level":"info","message":"Listening on port 2000","timestamp":"2020-05-22T09:13:56.571Z"}
{"level":"info","message":"Connected to mongodb://localhost/vidly_tests","timestamp":"2020-05-22T09:13:56.593Z"}
{"level":"info","message":"Listening on port 2000","timestamp":"2020-05-22T09:14:52.093Z"}
{"level":"info","message":"Connected to mongodb://localhost/vidly_tests","timestamp":"2020-05-22T09:14:52.112Z"}
{"level":"info","message":"Listening on port 2000","timestamp":"2020-05-22T09:17:53.790Z"}
{"level":"info","message":"Connected to mongodb://localhost/vidly_tests","timestamp":"2020-05-22T09:17:53.812Z"}
{"level":"info","message":"Listening on port 2000","timestamp":"2020-05-22T09:17:58.961Z"}
{"level":"info","message":"Connected to mongodb://localhost/vidly_tests","timestamp":"2020-05-22T09:17:58.983Z"}
{"level":"info","message":"Listening on port 2000","timestamp":"2020-05-23T06:50:52.197Z"}
{"level":"info","message":"Connected to mongodb://localhost/vidly_tests","timestamp":"2020-05-23T06:50:52.222Z"}
{"level":"info","message":"Listening on port 2000","timestamp":"2020-05-23T06:50:52.590Z"}
{"level":"info","message":"Connected to mongodb://localhost/vidly_tests","timestamp":"2020-05-23T06:50:52.648Z"}
{"level":"info","message":"Listening on port 2000","timestamp":"2020-05-23T06:50:59.134Z"}
{"level":"info","message":"Connected to mongodb://localhost/vidly_tests","timestamp":"2020-05-23T06:50:59.178Z"}
{"level":"info","message":"Connected to mongodb://localhost/vidly_tests","timestamp":"2020-05-23T06:50:59.176Z"}
{"level":"info","message":"Listening on port 2000","timestamp":"2020-05-23T06:50:59.198Z"}
{"level":"info","message":"Listening on port 2000","timestamp":"2020-05-23T07:00:16.367Z"}
{"level":"info","message":"Connected to mongodb://localhost/vidly_tests","timestamp":"2020-05-23T07:00:16.395Z"}
{"level":"info","message":"Listening on port 2000","timestamp":"2020-05-23T07:00:16.820Z"}
{"level":"info","message":"Connected to mongodb://localhost/vidly_tests","timestamp":"2020-05-23T07:00:16.875Z"}
{"level":"info","message":"Listening on port 2000","timestamp":"2020-05-23T07:02:18.697Z"}
{"level":"info","message":"Connected to mongodb://localhost/vidly_tests","timestamp":"2020-05-23T07:02:18.720Z"}
{"level":"info","message":"Listening on port 2000","timestamp":"2020-05-23T07:02:19.150Z"}
{"level":"info","message":"Connected to mongodb://localhost/vidly_tests","timestamp":"2020-05-23T07:02:19.194Z"}
{"level":"info","message":"Listening on port 2000","timestamp":"2020-05-23T07:02:38.862Z"}
{"level":"info","message":"Connected to mongodb://localhost/vidly_tests","timestamp":"2020-05-23T07:02:38.886Z"}
{"level":"info","message":"Listening on port 2000","timestamp":"2020-05-23T07:02:39.305Z"}
{"level":"info","message":"Connected to mongodb://localhost/vidly_tests","timestamp":"2020-05-23T07:02:39.358Z"}
{"level":"info","message":"Listening on port 2000","timestamp":"2020-05-23T07:03:09.805Z"}
{"level":"info","message":"Connected to mongodb://localhost/vidly_tests","timestamp":"2020-05-23T07:03:09.867Z"}
{"level":"info","message":"Listening on port 2000","timestamp":"2020-05-23T07:03:10.766Z"}
{"level":"info","message":"Connected to mongodb://localhost/vidly_tests","timestamp":"2020-05-23T07:03:10.845Z"}
{"level":"info","message":"Listening on port 2000","timestamp":"2020-05-23T07:04:00.649Z"}
{"level":"info","message":"Connected to mongodb://localhost/vidly_tests","timestamp":"2020-05-23T07:04:00.673Z"}
{"level":"info","message":"Listening on port 2000","timestamp":"2020-05-23T07:04:01.091Z"}
{"level":"info","message":"Connected to mongodb://localhost/vidly_tests","timestamp":"2020-05-23T07:04:01.143Z"}
{"level":"info","message":"Listening on port 2000","timestamp":"2020-05-23T07:31:02.892Z"}
{"level":"info","message":"Connected to mongodb://localhost/vidly_tests","timestamp":"2020-05-23T07:31:02.916Z"}
{"level":"info","message":"Listening on port 2000","timestamp":"2020-05-23T07:31:03.277Z"}
{"level":"info","message":"Connected to mongodb://localhost/vidly_tests","timestamp":"2020-05-23T07:31:03.322Z"}
{"level":"info","message":"Listening on port 2000","timestamp":"2020-05-23T07:33:10.128Z"}
{"level":"info","message":"Connected to mongodb://localhost/vidly_tests","timestamp":"2020-05-23T07:33:10.153Z"}
{"level":"info","message":"Listening on port 2000","timestamp":"2020-05-23T07:33:10.639Z"}
{"level":"info","message":"Connected to mongodb://localhost/vidly_tests","timestamp":"2020-05-23T07:33:10.686Z"}
{"level":"info","message":"Listening on port 2000","timestamp":"2020-05-23T07:34:09.142Z"}
{"level":"info","message":"Connected to mongodb://localhost/vidly_tests","timestamp":"2020-05-23T07:34:09.205Z"}
{"level":"info","message":"Connected to mongodb://localhost/vidly_tests","timestamp":"2020-05-23T07:34:09.223Z"}
{"level":"info","message":"Listening on port 2000","timestamp":"2020-05-23T07:34:09.249Z"}
{"level":"info","message":"Listening on port 2000","timestamp":"2020-05-23T07:35:11.336Z"}
{"level":"info","message":"Connected to mongodb://localhost/vidly_tests","timestamp":"2020-05-23T07:35:11.383Z"}
{"level":"info","message":"Connected to mongodb://localhost/vidly_tests","timestamp":"2020-05-23T07:35:11.399Z"}
{"level":"info","message":"Listening on port 2000","timestamp":"2020-05-23T07:35:11.404Z"}
{"level":"info","message":"Listening on port 2000","timestamp":"2020-05-23T07:36:22.507Z"}
{"level":"info","message":"Connected to mongodb://localhost/vidly_tests","timestamp":"2020-05-23T07:36:22.528Z"}
{"level":"info","message":"Listening on port 2000","timestamp":"2020-05-23T07:36:38.456Z"}
{"level":"info","message":"Connected to mongodb://localhost/vidly_tests","timestamp":"2020-05-23T07:36:38.480Z"}
{"level":"info","message":"Listening on port 2000","timestamp":"2020-05-23T07:36:38.489Z"}
{"level":"info","message":"Connected to mongodb://localhost/vidly_tests","timestamp":"2020-05-23T07:36:38.555Z"}
{"level":"info","message":"Listening on port 2000","timestamp":"2020-05-23T07:37:21.342Z"}
{"level":"info","message":"Connected to mongodb://localhost/vidly_tests","timestamp":"2020-05-23T07:37:21.391Z"}
{"level":"info","message":"Connected to mongodb://localhost/vidly_tests","timestamp":"2020-05-23T07:37:21.419Z"}
{"level":"info","message":"Listening on port 2000","timestamp":"2020-05-23T07:37:21.447Z"}
{"level":"info","message":"Listening on port 2000","timestamp":"2020-05-23T07:37:55.476Z"}
{"level":"info","message":"Connected to mongodb://localhost/vidly_tests","timestamp":"2020-05-23T07:37:55.502Z"}
{"level":"info","message":"Listening on port 2000","timestamp":"2020-05-23T07:37:55.502Z"}
{"level":"info","message":"Connected to mongodb://localhost/vidly_tests","timestamp":"2020-05-23T07:37:55.570Z"}
{"level":"info","message":"Listening on port 2000","timestamp":"2020-05-23T07:38:25.485Z"}
{"level":"info","message":"Connected to mongodb://localhost/vidly_tests","timestamp":"2020-05-23T07:38:25.509Z"}
{"level":"info","message":"Listening on port 2000","timestamp":"2020-05-23T07:38:25.518Z"}
{"level":"info","message":"Connected to mongodb://localhost/vidly_tests","timestamp":"2020-05-23T07:38:25.581Z"}
{"level":"info","message":"Listening on port 2000","timestamp":"2020-05-23T07:39:39.618Z"}
{"level":"info","message":"Connected to mongodb://localhost/vidly_tests","timestamp":"2020-05-23T07:39:39.663Z"}
{"level":"info","message":"Connected to mongodb://localhost/vidly_tests","timestamp":"2020-05-23T07:39:39.704Z"}
{"level":"info","message":"Listening on port 2000","timestamp":"2020-05-23T07:39:39.734Z"}
{"level":"info","message":"Listening on port 2000","timestamp":"2020-05-23T07:44:52.953Z"}
{"level":"info","message":"Connected to mongodb://localhost/vidly_tests","timestamp":"2020-05-23T07:44:53.007Z"}
{"level":"info","message":"Connected to mongodb://localhost/vidly_tests","timestamp":"2020-05-23T07:44:53.022Z"}
{"level":"info","message":"Listening on port 2000","timestamp":"2020-05-23T07:44:53.043Z"}
{"level":"info","message":"Listening on port 2000","timestamp":"2020-05-23T07:45:23.434Z"}
{"level":"info","message":"Connected to mongodb://localhost/vidly_tests","timestamp":"2020-05-23T07:45:23.487Z"}
{"level":"info","message":"Listening on port 2000","timestamp":"2020-05-23T07:45:23.878Z"}
{"level":"info","message":"Connected to mongodb://localhost/vidly_tests","timestamp":"2020-05-23T07:45:23.901Z"}
{"level":"info","message":"Listening on port 2000","timestamp":"2020-05-23T07:45:49.834Z"}
{"level":"info","message":"Connected to mongodb://localhost/vidly_tests","timestamp":"2020-05-23T07:45:49.878Z"}
{"level":"info","message":"Connected to mongodb://localhost/vidly_tests","timestamp":"2020-05-23T07:45:49.894Z"}
{"level":"info","message":"Listening on port 2000","timestamp":"2020-05-23T07:45:49.906Z"}
{"level":"info","message":"Listening on port 2000","timestamp":"2020-05-23T07:48:50.059Z"}
{"level":"info","message":"Connected to mongodb://localhost/vidly_tests","timestamp":"2020-05-23T07:48:50.081Z"}
{"level":"info","message":"Listening on port 2000","timestamp":"2020-05-23T07:49:23.027Z"}
{"level":"info","message":"Connected to mongodb://localhost/vidly","timestamp":"2020-05-23T07:49:23.049Z"}
{"level":"info","message":"Listening on port 2000","timestamp":"2020-05-23T07:49:49.305Z"}
{"level":"info","message":"Connected to mongodb://localhost/vidly","timestamp":"2020-05-23T07:49:49.340Z"}
{"level":"info","message":"Connected to mongodb://localhost/vidly","timestamp":"2020-05-23T07:49:49.357Z"}
{"level":"info","message":"Listening on port 2000","timestamp":"2020-05-23T07:49:49.400Z"}
{"level":"info","message":"Listening on port 2000","timestamp":"2020-05-23T07:50:43.011Z"}
{"level":"info","message":"Connected to mongodb://localhost/vidly_tests","timestamp":"2020-05-23T07:50:43.050Z"}
{"level":"info","message":"Connected to mongodb://localhost/vidly_tests","timestamp":"2020-05-23T07:50:43.061Z"}
{"level":"info","message":"Listening on port 2000","timestamp":"2020-05-23T07:50:43.072Z"}
{"level":"info","message":"Listening on port 2000","timestamp":"2020-05-23T07:50:49.861Z"}
{"level":"info","message":"Connected to mongodb://localhost/vidly_tests","timestamp":"2020-05-23T07:50:49.911Z"}
{"level":"info","message":"Connected to mongodb://localhost/vidly_tests","timestamp":"2020-05-23T07:50:49.910Z"}
{"level":"info","message":"Listening on port 2000","timestamp":"2020-05-23T07:50:49.932Z"}
{"level":"info","message":"Listening on port 2000","timestamp":"2020-05-23T07:52:12.280Z"}
{"level":"info","message":"Connected to mongodb://localhost/vidly_tests","timestamp":"2020-05-23T07:52:12.328Z"}
{"level":"info","message":"Listening on port 2000","timestamp":"2020-05-23T07:52:12.749Z"}
{"level":"info","message":"Connected to mongodb://localhost/vidly_tests","timestamp":"2020-05-23T07:52:12.774Z"}
{"level":"info","message":"Listening on port 2000","timestamp":"2020-05-23T07:54:43.241Z"}
{"level":"info","message":"Connected to mongodb://localhost/vidly_tests","timestamp":"2020-05-23T07:54:43.265Z"}
{"level":"info","message":"Listening on port 2000","timestamp":"2020-05-23T07:54:43.293Z"}
{"level":"info","message":"Connected to mongodb://localhost/vidly_tests","timestamp":"2020-05-23T07:54:43.367Z"}
{"level":"info","message":"Listening on port 2000","timestamp":"2020-05-23T07:54:49.083Z"}
{"level":"info","message":"Connected to mongodb://localhost/vidly_tests","timestamp":"2020-05-23T07:54:49.120Z"}
{"level":"info","message":"Connected to mongodb://localhost/vidly_tests","timestamp":"2020-05-23T07:54:49.131Z"}
{"level":"info","message":"Listening on port 2000","timestamp":"2020-05-23T07:54:49.143Z"}
{"level":"info","message":"Listening on port 2000","timestamp":"2020-05-23T07:54:56.860Z"}
{"level":"info","message":"Connected to mongodb://localhost/vidly_tests","timestamp":"2020-05-23T07:54:56.920Z"}
{"level":"info","message":"Listening on port 2000","timestamp":"2020-05-23T07:54:56.907Z"}
{"level":"info","message":"Connected to mongodb://localhost/vidly_tests","timestamp":"2020-05-23T07:54:57.089Z"}
{"level":"info","message":"Listening on port 2000","timestamp":"2020-05-23T07:55:14.435Z"}
{"level":"info","message":"Connected to mongodb://localhost/vidly_tests","timestamp":"2020-05-23T07:55:14.458Z"}
{"level":"info","message":"Listening on port 2000","timestamp":"2020-05-23T07:55:14.885Z"}
{"level":"info","message":"Connected to mongodb://localhost/vidly_tests","timestamp":"2020-05-23T07:55:14.939Z"}
{"level":"info","message":"Listening on port 2000","timestamp":"2020-05-23T08:08:49.309Z"}
{"level":"info","message":"Connected to mongodb://localhost/vidly_tests","timestamp":"2020-05-23T08:08:49.364Z"}
{"level":"info","message":"Connected to mongodb://localhost/vidly_tests","timestamp":"2020-05-23T08:08:49.410Z"}
{"level":"info","message":"Listening on port 2000","timestamp":"2020-05-23T08:08:49.455Z"}
{"level":"info","message":"Listening on port 2000","timestamp":"2020-05-23T08:09:16.259Z"}
{"level":"info","message":"Connected to mongodb://localhost/vidly_tests","timestamp":"2020-05-23T08:09:16.277Z"}
{"level":"info","message":"Listening on port 2000","timestamp":"2020-05-23T08:10:22.853Z"}
{"level":"info","message":"Connected to mongodb://localhost/vidly_tests","timestamp":"2020-05-23T08:10:22.901Z"}
{"level":"info","message":"Connected to mongodb://localhost/vidly_tests","timestamp":"2020-05-23T08:10:22.926Z"}
{"level":"info","message":"Listening on port 2000","timestamp":"2020-05-23T08:10:22.950Z"}
{"level":"info","message":"Listening on port 2000","timestamp":"2020-05-23T08:15:59.075Z"}
{"level":"info","message":"Connected to mongodb://localhost/vidly_tests","timestamp":"2020-05-23T08:15:59.127Z"}
{"level":"info","message":"Connected to mongodb://localhost/vidly_tests","timestamp":"2020-05-23T08:15:59.155Z"}
{"level":"info","message":"Listening on port 2000","timestamp":"2020-05-23T08:15:59.182Z"}
{"level":"info","message":"Listening on port 2000","timestamp":"2020-05-23T08:21:02.538Z"}
{"level":"info","message":"Connected to mongodb://localhost/vidly_tests","timestamp":"2020-05-23T08:21:02.562Z"}
{"level":"info","message":"Listening on port 2000","timestamp":"2020-05-23T08:21:03.063Z"}
{"level":"info","message":"Connected to mongodb://localhost/vidly_tests","timestamp":"2020-05-23T08:21:03.108Z"}
{"level":"info","message":"Listening on port 2000","timestamp":"2020-05-23T08:23:37.575Z"}
{"level":"info","message":"Connected to mongodb://localhost/vidly_tests","timestamp":"2020-05-23T08:23:37.602Z"}
{"level":"info","message":"Listening on port 2000","timestamp":"2020-05-23T08:23:37.716Z"}
{"level":"info","message":"Connected to mongodb://localhost/vidly_tests","timestamp":"2020-05-23T08:23:37.791Z"}
{"level":"info","message":"Listening on port 2000","timestamp":"2020-05-23T08:24:59.674Z"}
{"level":"info","message":"Connected to mongodb://localhost/vidly_tests","timestamp":"2020-05-23T08:24:59.740Z"}
{"level":"info","message":"Connected to mongodb://localhost/vidly_tests","timestamp":"2020-05-23T08:24:59.741Z"}
{"level":"info","message":"Listening on port 2000","timestamp":"2020-05-23T08:24:59.770Z"}
{"level":"info","message":"Listening on port 2000","timestamp":"2020-05-23T08:25:06.273Z"}
{"level":"info","message":"Connected to mongodb://localhost/vidly_tests","timestamp":"2020-05-23T08:25:06.326Z"}
{"level":"info","message":"Connected to mongodb://localhost/vidly_tests","timestamp":"2020-05-23T08:25:06.342Z"}
{"level":"info","message":"Listening on port 2000","timestamp":"2020-05-23T08:25:06.367Z"}
{"level":"info","message":"Listening on port 2000","timestamp":"2020-05-23T08:25:46.895Z"}
{"level":"info","message":"Connected to mongodb://localhost/vidly_tests","timestamp":"2020-05-23T08:25:46.918Z"}
{"level":"info","message":"Listening on port 2000","timestamp":"2020-05-23T08:25:46.919Z"}
{"level":"info","message":"Connected to mongodb://localhost/vidly_tests","timestamp":"2020-05-23T08:25:46.985Z"}
{"level":"info","message":"Listening on port 2000","timestamp":"2020-05-23T08:25:53.703Z"}
{"level":"info","message":"Connected to mongodb://localhost/vidly_tests","timestamp":"2020-05-23T08:25:53.777Z"}
{"level":"info","message":"Connected to mongodb://localhost/vidly_tests","timestamp":"2020-05-23T08:25:53.773Z"}
{"level":"info","message":"Listening on port 2000","timestamp":"2020-05-23T08:25:53.807Z"}
{"level":"info","message":"Listening on port 2000","timestamp":"2020-05-23T08:26:03.909Z"}
{"level":"info","message":"Connected to mongodb://localhost/vidly_tests","timestamp":"2020-05-23T08:26:03.948Z"}
{"level":"info","message":"Connected to mongodb://localhost/vidly_tests","timestamp":"2020-05-23T08:26:03.957Z"}
{"level":"info","message":"Listening on port 2000","timestamp":"2020-05-23T08:26:03.971Z"}
{"level":"info","message":"Listening on port 2000","timestamp":"2020-05-23T08:26:44.389Z"}
{"level":"info","message":"Connected to mongodb://localhost/vidly_tests","timestamp":"2020-05-23T08:26:44.432Z"}
{"level":"info","message":"Listening on port 2000","timestamp":"2020-05-23T08:26:44.452Z"}
{"level":"info","message":"Connected to mongodb://localhost/vidly_tests","timestamp":"2020-05-23T08:26:44.455Z"}
{"level":"info","message":"Listening on port 2000","timestamp":"2020-05-23T08:26:57.761Z"}
{"level":"info","message":"Connected to mongodb://localhost/vidly_tests","timestamp":"2020-05-23T08:26:57.813Z"}
{"level":"info","message":"Listening on port 2000","timestamp":"2020-05-23T08:26:58.791Z"}
{"level":"info","message":"Connected to mongodb://localhost/vidly_tests","timestamp":"2020-05-23T08:26:58.845Z"}
{"level":"info","message":"Listening on port 2000","timestamp":"2020-05-23T08:27:14.433Z"}
{"level":"info","message":"Connected to mongodb://localhost/vidly_tests","timestamp":"2020-05-23T08:27:14.475Z"}
{"level":"info","message":"Listening on port 2000","timestamp":"2020-05-23T08:27:15.438Z"}
{"level":"info","message":"Connected to mongodb://localhost/vidly_tests","timestamp":"2020-05-23T08:27:15.495Z"}
{"level":"info","message":"Listening on port 2000","timestamp":"2020-05-23T08:27:30.102Z"}
{"level":"info","message":"Connected to mongodb://localhost/vidly_tests","timestamp":"2020-05-23T08:27:30.147Z"}
{"level":"info","message":"Listening on port 2000","timestamp":"2020-05-23T08:27:31.151Z"}
{"level":"info","message":"Connected to mongodb://localhost/vidly_tests","timestamp":"2020-05-23T08:27:31.192Z"}
